<?xml version="1.0" encoding="UTF-8"?>
<robot generator="Robot 3.1.2 (Python 3.6.8 on win32)" generated="20210109 13:12:04.286" rpa="false">
<suite id="s1" name="Test" source="D:\_git\robot-framework-sample\test.robot">
<test id="s1-t1" name="Test is OK">
<kw name="Test Ok" library="test_python">
<msg timestamp="20210109 13:12:04.307" level="INFO">ok</msg>
<status status="PASS" starttime="20210109 13:12:04.307" endtime="20210109 13:12:04.307"></status>
</kw>
<status status="PASS" starttime="20210109 13:12:04.307" endtime="20210109 13:12:04.308" critical="yes"></status>
</test>
<test id="s1-t2" name="Test is NOK">
<kw name="Test Failure" library="test_python">
<msg timestamp="20210109 13:12:04.309" level="FAIL">NOT OK</msg>
<status status="FAIL" starttime="20210109 13:12:04.309" endtime="20210109 13:12:04.309"></status>
</kw>
<status status="FAIL" starttime="20210109 13:12:04.309" endtime="20210109 13:12:04.310" critical="yes">NOT OK</status>
</test>
<doc>Suite description</doc>
<status status="FAIL" starttime="20210109 13:12:04.287" endtime="20210109 13:12:04.310"></status>
</suite>
<statistics>
<total>
<stat pass="1" fail="1">Critical Tests</stat>
<stat pass="1" fail="1">All Tests</stat>
</total>
<tag>
</tag>
<suite>
<stat pass="1" fail="1" id="s1" name="Test">Test</stat>
</suite>
</statistics>
<errors>
</errors>
</robot>
